2026-06-18 03:20:29,617 DEBUG    root            Loaded Command Group: ['gcloud', 'auth']
2026-06-18 03:20:29,631 DEBUG    root            Loaded Command Group: ['gcloud', 'auth', 'list']
2026-06-18 03:20:29,633 DEBUG    root            Running [gcloud.auth.list] with arguments: [--format: "value(account)"]
2026-06-18 03:20:29,945 DEBUG    root            Failed to read GCE cache file: [WinError 2] The system cannot find the file specified: 'C:\\Users\\hp\\projects\\Shitec\\.gcloud-config\\gce'
2026-06-18 03:20:30,192 DEBUG    root            Failed to check metadata server: <urlopen error [Errno 11001] getaddrinfo failed>
2026-06-18 03:20:30,192 DEBUG    root            On GCE from server: False
2026-06-18 03:20:30,195 DEBUG    root            Chosen display Format:    table[title='Credentialed Accounts'](
        status.yesno(yes='*', no=''):label=ACTIVE,
        account
    ) value(account)
2026-06-18 03:20:30,196 INFO     root            Display format: "    table[title='Credentialed Accounts'](
        status.yesno(yes='*', no=''):label=ACTIVE,
        account
    ) value(account)"
2026-06-18 03:20:30,362 DEBUG    root            Checking for updates...
2026-06-18 03:20:30,407 DEBUG    root            On GCE from memory cache: False
2026-06-18 03:20:30,412 DEBUG    root            On GCE from memory cache: False
2026-06-18 03:20:30,422 DEBUG    urllib3.connectionpool Starting new HTTPS connection (1): dl.google.com:443
2026-06-18 03:20:31,470 DEBUG    urllib3.connectionpool https://dl.google.com:443 "GET /dl/cloudsdk/channels/rapid/components-2.json HTTP/1.1" 200 25453
2026-06-18 03:20:31,679 DEBUG    root            Updating notification cache...
2026-06-18 03:20:31,679 DEBUG    root            Activating notification: [default]
